app/build/intermediates/manifest_merge_blame_file/release/manifest-merger-blame-release-report.txt
1<?xml version="1.0" encoding="utf-8"?>
2<manifest xmlns:android="http://schemas.android.com/apk/res/android"
3    package="com.digital.steno.pro"
4    android:versionCode="1"
5    android:versionName="1.0.0" >
6
7    <uses-sdk
8        android:minSdkVersion="21"
8-->src\main\AndroidManifest.xml
9        android:targetSdkVersion="32" />
9-->src\main\AndroidManifest.xml
10
11    <uses-permission android:name="android.permission.CAMERA" />
11-->src\main\AndroidManifest.xml:6:2-62
11-->src\main\AndroidManifest.xml:6:19-59
12    <uses-permission android:name="android.permission.INTERNET" />
12-->src\main\AndroidManifest.xml:7:2-64
12-->src\main\AndroidManifest.xml:7:19-61
13    <uses-permission android:name="android.permission.ACCESS_NETWORK_STATE" />
13-->src\main\AndroidManifest.xml:8:2-76
13-->src\main\AndroidManifest.xml:8:19-73
14    <uses-permission android:name="android.permission.READ_EXTERNAL_STORAGE" />
14-->src\main\AndroidManifest.xml:9:2-77
14-->src\main\AndroidManifest.xml:9:19-74
15    <uses-permission android:name="android.permission.WRITE_EXTERNAL_STORAGE" />
15-->src\main\AndroidManifest.xml:10:2-78
15-->src\main\AndroidManifest.xml:10:19-75
16    <uses-permission android:name="android.permission.RECORD_AUDIO" />
16-->src\main\AndroidManifest.xml:11:2-68
16-->src\main\AndroidManifest.xml:11:19-65
17
18    <application
18-->src\main\AndroidManifest.xml:12:2-172:16
19        android:allowBackup="true"
19-->src\main\AndroidManifest.xml:13:3-29
20        android:appComponentFactory="androidx.core.app.CoreComponentFactory"
20-->[androidx.core:core:1.7.0] AndroidManifest.xml:24:18-86
21        android:icon="@drawable/app_icon"
21-->src\main\AndroidManifest.xml:14:3-36
22        android:label="@string/app_name"
22-->src\main\AndroidManifest.xml:15:3-35
23        android:requestLegacyExternalStorage="true"
23-->src\main\AndroidManifest.xml:16:3-46
24        android:theme="@style/AppTheme"
24-->src\main\AndroidManifest.xml:18:3-34
25        android:usesCleartextTraffic="true" >
25-->src\main\AndroidManifest.xml:17:3-38
26        <activity
26-->src\main\AndroidManifest.xml:20:3-33:14
27            android:name="com.digital.steno.pro.MainActivity"
27-->src\main\AndroidManifest.xml:21:4-32
28            android:configChanges="orientation|screenSize|keyboardHidden|smallestScreenSize|screenLayout"
28-->src\main\AndroidManifest.xml:22:4-97
29            android:exported="true"
29-->src\main\AndroidManifest.xml:28:4-27
30            android:hardwareAccelerated="true"
30-->src\main\AndroidManifest.xml:23:4-38
31            android:screenOrientation="portrait"
31-->src\main\AndroidManifest.xml:26:4-40
32            android:supportsPictureInPicture="true"
32-->src\main\AndroidManifest.xml:24:4-43
33            android:theme="@style/AppTheme.FullScreen"
33-->src\main\AndroidManifest.xml:25:4-46
34            android:windowSoftInputMode="stateHidden" >
34-->src\main\AndroidManifest.xml:27:4-45
35            <intent-filter>
35-->src\main\AndroidManifest.xml:29:4-32:20
36                <action android:name="android.intent.action.MAIN" />
36-->src\main\AndroidManifest.xml:30:5-57
36-->src\main\AndroidManifest.xml:30:13-54
37
38                <category android:name="android.intent.category.LAUNCHER" />
38-->src\main\AndroidManifest.xml:31:5-65
38-->src\main\AndroidManifest.xml:31:15-62
39            </intent-filter>
40        </activity>
41        <activity
41-->src\main\AndroidManifest.xml:34:3-40:48
42            android:name="com.digital.steno.pro.HomeActivity"
42-->src\main\AndroidManifest.xml:35:4-32
43            android:configChanges="orientation|screenSize|keyboardHidden|smallestScreenSize|screenLayout"
43-->src\main\AndroidManifest.xml:36:4-97
44            android:hardwareAccelerated="true"
44-->src\main\AndroidManifest.xml:37:4-38
45            android:screenOrientation="portrait"
45-->src\main\AndroidManifest.xml:39:4-40
46            android:supportsPictureInPicture="true"
46-->src\main\AndroidManifest.xml:38:4-43
47            android:windowSoftInputMode="stateHidden" />
47-->src\main\AndroidManifest.xml:40:4-45
48        <activity
48-->src\main\AndroidManifest.xml:41:3-46:43
49            android:name="com.digital.steno.pro.AddNoteActivity"
49-->src\main\AndroidManifest.xml:42:4-35
50            android:configChanges="orientation|screenSize|keyboardHidden|smallestScreenSize|screenLayout"
50-->src\main\AndroidManifest.xml:43:4-97
51            android:hardwareAccelerated="true"
51-->src\main\AndroidManifest.xml:44:4-38
52            android:screenOrientation="portrait"
52-->src\main\AndroidManifest.xml:46:4-40
53            android:supportsPictureInPicture="true" />
53-->src\main\AndroidManifest.xml:45:4-43
54        <activity
54-->src\main\AndroidManifest.xml:47:3-52:43
55            android:name="com.digital.steno.pro.SettingsActivity"
55-->src\main\AndroidManifest.xml:48:4-36
56            android:configChanges="orientation|screenSize|keyboardHidden|smallestScreenSize|screenLayout"
56-->src\main\AndroidManifest.xml:49:4-97
57            android:hardwareAccelerated="true"
57-->src\main\AndroidManifest.xml:50:4-38
58            android:screenOrientation="portrait"
58-->src\main\AndroidManifest.xml:52:4-40
59            android:supportsPictureInPicture="true" />
59-->src\main\AndroidManifest.xml:51:4-43
60        <activity
60-->src\main\AndroidManifest.xml:53:3-58:43
61            android:name="com.digital.steno.pro.ViewNoteActivity"
61-->src\main\AndroidManifest.xml:54:4-36
62            android:configChanges="orientation|screenSize|keyboardHidden|smallestScreenSize|screenLayout"
62-->src\main\AndroidManifest.xml:55:4-97
63            android:hardwareAccelerated="true"
63-->src\main\AndroidManifest.xml:56:4-38
64            android:screenOrientation="portrait"
64-->src\main\AndroidManifest.xml:58:4-40
65            android:supportsPictureInPicture="true" />
65-->src\main\AndroidManifest.xml:57:4-43
66        <activity
66-->src\main\AndroidManifest.xml:59:3-64:43
67            android:name="com.digital.steno.pro.SaveAsPdfActivity"
67-->src\main\AndroidManifest.xml:60:4-37
68            android:configChanges="orientation|screenSize|keyboardHidden|smallestScreenSize|screenLayout"
68-->src\main\AndroidManifest.xml:61:4-97
69            android:hardwareAccelerated="true"
69-->src\main\AndroidManifest.xml:62:4-38
70            android:screenOrientation="portrait"
70-->src\main\AndroidManifest.xml:64:4-40
71            android:supportsPictureInPicture="true" />
71-->src\main\AndroidManifest.xml:63:4-43
72        <activity
72-->src\main\AndroidManifest.xml:65:3-70:43
73            android:name="com.digital.steno.pro.InfoActivity"
73-->src\main\AndroidManifest.xml:66:4-32
74            android:configChanges="orientation|screenSize|keyboardHidden|smallestScreenSize|screenLayout"
74-->src\main\AndroidManifest.xml:67:4-97
75            android:hardwareAccelerated="true"
75-->src\main\AndroidManifest.xml:68:4-38
76            android:screenOrientation="portrait"
76-->src\main\AndroidManifest.xml:70:4-40
77            android:supportsPictureInPicture="true" />
77-->src\main\AndroidManifest.xml:69:4-43
78        <activity
78-->src\main\AndroidManifest.xml:71:3-76:43
79            android:name="com.digital.steno.pro.SecurityActivity"
79-->src\main\AndroidManifest.xml:72:4-36
80            android:configChanges="orientation|screenSize|keyboardHidden|smallestScreenSize|screenLayout"
80-->src\main\AndroidManifest.xml:73:4-97
81            android:hardwareAccelerated="true"
81-->src\main\AndroidManifest.xml:74:4-38
82            android:screenOrientation="portrait"
82-->src\main\AndroidManifest.xml:76:4-40
83            android:supportsPictureInPicture="true" />
83-->src\main\AndroidManifest.xml:75:4-43
84        <activity
84-->src\main\AndroidManifest.xml:77:3-82:43
85            android:name="com.digital.steno.pro.PinActivity"
85-->src\main\AndroidManifest.xml:78:4-31
86            android:configChanges="orientation|screenSize|keyboardHidden|smallestScreenSize|screenLayout"
86-->src\main\AndroidManifest.xml:79:4-97
87            android:hardwareAccelerated="true"
87-->src\main\AndroidManifest.xml:80:4-38
88            android:screenOrientation="portrait"
88-->src\main\AndroidManifest.xml:82:4-40
89            android:supportsPictureInPicture="true" />
89-->src\main\AndroidManifest.xml:81:4-43
90        <activity
90-->src\main\AndroidManifest.xml:83:3-88:43
91            android:name="com.digital.steno.pro.ResetActivity"
91-->src\main\AndroidManifest.xml:84:4-33
92            android:configChanges="orientation|screenSize|keyboardHidden|smallestScreenSize|screenLayout"
92-->src\main\AndroidManifest.xml:85:4-97
93            android:hardwareAccelerated="true"
93-->src\main\AndroidManifest.xml:86:4-38
94            android:screenOrientation="portrait"
94-->src\main\AndroidManifest.xml:88:4-40
95            android:supportsPictureInPicture="true" />
95-->src\main\AndroidManifest.xml:87:4-43
96        <activity
96-->src\main\AndroidManifest.xml:89:3-95:48
97            android:name="com.digital.steno.pro.LoginActivity"
97-->src\main\AndroidManifest.xml:90:4-33
98            android:configChanges="orientation|screenSize|keyboardHidden|smallestScreenSize|screenLayout"
98-->src\main\AndroidManifest.xml:91:4-97
99            android:hardwareAccelerated="true"
99-->src\main\AndroidManifest.xml:92:4-38
100            android:screenOrientation="portrait"
100-->src\main\AndroidManifest.xml:94:4-40
101            android:supportsPictureInPicture="true"
101-->src\main\AndroidManifest.xml:93:4-43
102            android:windowSoftInputMode="stateHidden" />
102-->src\main\AndroidManifest.xml:95:4-45
103        <activity
103-->src\main\AndroidManifest.xml:96:3-102:48
104            android:name="com.digital.steno.pro.ProfileActivity"
104-->src\main\AndroidManifest.xml:97:4-35
105            android:configChanges="orientation|screenSize|keyboardHidden|smallestScreenSize|screenLayout"
105-->src\main\AndroidManifest.xml:98:4-97
106            android:hardwareAccelerated="true"
106-->src\main\AndroidManifest.xml:99:4-38
107            android:screenOrientation="portrait"
107-->src\main\AndroidManifest.xml:101:4-40
108            android:supportsPictureInPicture="true"
108-->src\main\AndroidManifest.xml:100:4-43
109            android:windowSoftInputMode="stateHidden" />
109-->src\main\AndroidManifest.xml:102:4-45
110        <activity
110-->src\main\AndroidManifest.xml:103:3-109:48
111            android:name="com.digital.steno.pro.EmailResetActivity"
111-->src\main\AndroidManifest.xml:104:4-38
112            android:configChanges="orientation|screenSize|keyboardHidden|smallestScreenSize|screenLayout"
112-->src\main\AndroidManifest.xml:105:4-97
113            android:hardwareAccelerated="true"
113-->src\main\AndroidManifest.xml:106:4-38
114            android:screenOrientation="portrait"
114-->src\main\AndroidManifest.xml:108:4-40
115            android:supportsPictureInPicture="true"
115-->src\main\AndroidManifest.xml:107:4-43
116            android:windowSoftInputMode="stateHidden" />
116-->src\main\AndroidManifest.xml:109:4-45
117        <activity
117-->src\main\AndroidManifest.xml:110:3-116:48
118            android:name="com.digital.steno.pro.ChangeEmailActivity"
118-->src\main\AndroidManifest.xml:111:4-39
119            android:configChanges="orientation|screenSize|keyboardHidden|smallestScreenSize|screenLayout"
119-->src\main\AndroidManifest.xml:112:4-97
120            android:hardwareAccelerated="true"
120-->src\main\AndroidManifest.xml:113:4-38
121            android:screenOrientation="portrait"
121-->src\main\AndroidManifest.xml:115:4-40
122            android:supportsPictureInPicture="true"
122-->src\main\AndroidManifest.xml:114:4-43
123            android:windowSoftInputMode="stateHidden" />
123-->src\main\AndroidManifest.xml:116:4-45
124        <activity
124-->src\main\AndroidManifest.xml:117:3-122:43
125            android:name="com.digital.steno.pro.DebugActivity"
125-->src\main\AndroidManifest.xml:118:4-33
126            android:configChanges="orientation|screenSize|keyboardHidden|smallestScreenSize|screenLayout"
126-->src\main\AndroidManifest.xml:119:4-97
127            android:hardwareAccelerated="true"
127-->src\main\AndroidManifest.xml:120:4-38
128            android:screenOrientation="portrait"
128-->src\main\AndroidManifest.xml:122:4-40
129            android:supportsPictureInPicture="true" />
129-->src\main\AndroidManifest.xml:121:4-43
130        <activity
130-->src\main\AndroidManifest.xml:123:3-129:48
131            android:name="com.digital.steno.pro.OcrActivity"
131-->src\main\AndroidManifest.xml:124:4-31
132            android:configChanges="orientation|screenSize|keyboardHidden|smallestScreenSize|screenLayout"
132-->src\main\AndroidManifest.xml:125:4-97
133            android:hardwareAccelerated="true"
133-->src\main\AndroidManifest.xml:126:4-38
134            android:screenOrientation="portrait"
134-->src\main\AndroidManifest.xml:128:4-40
135            android:supportsPictureInPicture="true"
135-->src\main\AndroidManifest.xml:127:4-43
136            android:windowSoftInputMode="stateHidden" />
136-->src\main\AndroidManifest.xml:129:4-45
137        <activity
137-->src\main\AndroidManifest.xml:130:3-135:43
138            android:name="com.digital.steno.pro.AnnouncementsActivity"
138-->src\main\AndroidManifest.xml:131:4-41
139            android:configChanges="orientation|screenSize|keyboardHidden|smallestScreenSize|screenLayout"
139-->src\main\AndroidManifest.xml:132:4-97
140            android:hardwareAccelerated="true"
140-->src\main\AndroidManifest.xml:133:4-38
141            android:screenOrientation="portrait"
141-->src\main\AndroidManifest.xml:135:4-40
142            android:supportsPictureInPicture="true" />
142-->src\main\AndroidManifest.xml:134:4-43
143        <activity
143-->src\main\AndroidManifest.xml:136:3-141:43
144            android:name="com.digital.steno.pro.PrivacyPolicyActivity"
144-->src\main\AndroidManifest.xml:137:4-41
145            android:configChanges="orientation|screenSize|keyboardHidden|smallestScreenSize|screenLayout"
145-->src\main\AndroidManifest.xml:138:4-97
146            android:hardwareAccelerated="true"
146-->src\main\AndroidManifest.xml:139:4-38
147            android:screenOrientation="portrait"
147-->src\main\AndroidManifest.xml:141:4-40
148            android:supportsPictureInPicture="true" />
148-->src\main\AndroidManifest.xml:140:4-43
149
150        <meta-data
150-->src\main\AndroidManifest.xml:142:3-144:60
151            android:name="com.google.android.gms.version"
151-->src\main\AndroidManifest.xml:143:4-49
152            android:value="@integer/google_play_services_version" />
152-->src\main\AndroidManifest.xml:144:4-57
153
154        <provider
154-->src\main\AndroidManifest.xml:145:3-149:30
155            android:name="com.google.firebase.provider.FirebaseInitProvider"
155-->src\main\AndroidManifest.xml:146:4-68
156            android:authorities="com.digital.steno.pro.firebaseinitprovider"
156-->src\main\AndroidManifest.xml:147:4-68
157            android:directBootAware="true"
157-->[com.google.firebase:firebase-common:20.1.1] AndroidManifest.xml:29:13-43
158            android:exported="false"
158-->src\main\AndroidManifest.xml:148:4-28
159            android:initOrder="100" />
159-->src\main\AndroidManifest.xml:149:4-27
160
161        <service
161-->src\main\AndroidManifest.xml:150:3-159:13
162            android:name="com.google.firebase.components.ComponentDiscoveryService"
162-->src\main\AndroidManifest.xml:151:4-75
163            android:directBootAware="true"
163-->[com.google.firebase:firebase-common:20.1.1] AndroidManifest.xml:35:13-43
164            android:exported="false" >
164-->src\main\AndroidManifest.xml:152:4-28
165            <meta-data
165-->src\main\AndroidManifest.xml:153:4-155:73
166                android:name="com.google.firebase.components:com.google.firebase.auth.FirebaseAuthRegistrar"
166-->src\main\AndroidManifest.xml:154:5-97
167                android:value="com.google.firebase.components.ComponentRegistrar" />
167-->src\main\AndroidManifest.xml:155:5-70
168            <meta-data
168-->src\main\AndroidManifest.xml:156:4-158:73
169                android:name="com.google.firebase.components:com.google.firebase.database.DatabaseRegistrar"
169-->src\main\AndroidManifest.xml:157:5-97
170                android:value="com.google.firebase.components.ComponentRegistrar" />
170-->src\main\AndroidManifest.xml:158:5-70
171        </service>
172
173        <provider
173-->src\main\AndroidManifest.xml:160:3-168:14
174            android:name="androidx.core.content.FileProvider"
174-->src\main\AndroidManifest.xml:162:4-53
175            android:authorities="com.digital.steno.pro.provider"
175-->src\main\AndroidManifest.xml:161:4-56
176            android:exported="false"
176-->src\main\AndroidManifest.xml:163:4-28
177            android:grantUriPermissions="true" >
177-->src\main\AndroidManifest.xml:164:4-38
178            <meta-data
178-->src\main\AndroidManifest.xml:165:4-167:46
179                android:name="android.support.FILE_PROVIDER_PATHS"
179-->src\main\AndroidManifest.xml:166:5-55
180                android:resource="@xml/provider_paths" />
180-->src\main\AndroidManifest.xml:167:5-43
181        </provider>
182
183        <uses-library
183-->src\main\AndroidManifest.xml:169:3-171:31
184            android:name="org.apache.http.legacy"
184-->src\main\AndroidManifest.xml:170:4-41
185            android:required="false" />
185-->src\main\AndroidManifest.xml:171:4-28
186
187        <activity
187-->[com.google.firebase:firebase-auth:21.0.5] AndroidManifest.xml:27:9-44:20
188            android:name="com.google.firebase.auth.internal.GenericIdpActivity"
188-->[com.google.firebase:firebase-auth:21.0.5] AndroidManifest.xml:28:13-80
189            android:excludeFromRecents="true"
189-->[com.google.firebase:firebase-auth:21.0.5] AndroidManifest.xml:29:13-46
190            android:exported="true"
190-->[com.google.firebase:firebase-auth:21.0.5] AndroidManifest.xml:30:13-36
191            android:launchMode="singleTask"
191-->[com.google.firebase:firebase-auth:21.0.5] AndroidManifest.xml:31:13-44
192            android:theme="@android:style/Theme.Translucent.NoTitleBar" >
192-->[com.google.firebase:firebase-auth:21.0.5] AndroidManifest.xml:32:13-72
193            <intent-filter>
193-->[com.google.firebase:firebase-auth:21.0.5] AndroidManifest.xml:33:13-43:29
194                <action android:name="android.intent.action.VIEW" />
194-->[com.google.firebase:firebase-auth:21.0.5] AndroidManifest.xml:34:17-69
194-->[com.google.firebase:firebase-auth:21.0.5] AndroidManifest.xml:34:25-66
195
196                <category android:name="android.intent.category.DEFAULT" />
196-->[com.google.firebase:firebase-auth:21.0.5] AndroidManifest.xml:36:17-76
196-->[com.google.firebase:firebase-auth:21.0.5] AndroidManifest.xml:36:27-73
197                <category android:name="android.intent.category.BROWSABLE" />
197-->[com.google.firebase:firebase-auth:21.0.5] AndroidManifest.xml:37:17-78
197-->[com.google.firebase:firebase-auth:21.0.5] AndroidManifest.xml:37:27-75
198
199                <data
199-->[com.google.firebase:firebase-auth:21.0.5] AndroidManifest.xml:39:17-42:51
200                    android:host="firebase.auth"
200-->[com.google.firebase:firebase-auth:21.0.5] AndroidManifest.xml:40:21-49
201                    android:path="/"
201-->[com.google.firebase:firebase-auth:21.0.5] AndroidManifest.xml:41:21-37
202                    android:scheme="genericidp" />
202-->[com.google.firebase:firebase-auth:21.0.5] AndroidManifest.xml:42:21-48
203            </intent-filter>
204        </activity>
205        <activity
205-->[com.google.firebase:firebase-auth:21.0.5] AndroidManifest.xml:45:9-62:20
206            android:name="com.google.firebase.auth.internal.RecaptchaActivity"
206-->[com.google.firebase:firebase-auth:21.0.5] AndroidManifest.xml:46:13-79
207            android:excludeFromRecents="true"
207-->[com.google.firebase:firebase-auth:21.0.5] AndroidManifest.xml:47:13-46
208            android:exported="true"
208-->[com.google.firebase:firebase-auth:21.0.5] AndroidManifest.xml:48:13-36
209            android:launchMode="singleTask"
209-->[com.google.firebase:firebase-auth:21.0.5] AndroidManifest.xml:49:13-44
210            android:theme="@android:style/Theme.Translucent.NoTitleBar" >
210-->[com.google.firebase:firebase-auth:21.0.5] AndroidManifest.xml:50:13-72
211            <intent-filter>
211-->[com.google.firebase:firebase-auth:21.0.5] AndroidManifest.xml:51:13-61:29
212                <action android:name="android.intent.action.VIEW" />
212-->[com.google.firebase:firebase-auth:21.0.5] AndroidManifest.xml:34:17-69
212-->[com.google.firebase:firebase-auth:21.0.5] AndroidManifest.xml:34:25-66
213
214                <category android:name="android.intent.category.DEFAULT" />
214-->[com.google.firebase:firebase-auth:21.0.5] AndroidManifest.xml:36:17-76
214-->[com.google.firebase:firebase-auth:21.0.5] AndroidManifest.xml:36:27-73
215                <category android:name="android.intent.category.BROWSABLE" />
215-->[com.google.firebase:firebase-auth:21.0.5] AndroidManifest.xml:37:17-78
215-->[com.google.firebase:firebase-auth:21.0.5] AndroidManifest.xml:37:27-75
216
217                <data
217-->[com.google.firebase:firebase-auth:21.0.5] AndroidManifest.xml:39:17-42:51
218                    android:host="firebase.auth"
218-->[com.google.firebase:firebase-auth:21.0.5] AndroidManifest.xml:40:21-49
219                    android:path="/"
219-->[com.google.firebase:firebase-auth:21.0.5] AndroidManifest.xml:41:21-37
220                    android:scheme="recaptcha" />
220-->[com.google.firebase:firebase-auth:21.0.5] AndroidManifest.xml:42:21-48
221            </intent-filter>
222        </activity>
223        <activity
223-->[com.google.android.gms:play-services-base:18.0.1] AndroidManifest.xml:20:9-22:45
224            android:name="com.google.android.gms.common.api.GoogleApiActivity"
224-->[com.google.android.gms:play-services-base:18.0.1] AndroidManifest.xml:20:19-85
225            android:exported="false"
225-->[com.google.android.gms:play-services-base:18.0.1] AndroidManifest.xml:22:19-43
226            android:theme="@android:style/Theme.Translucent.NoTitleBar" />
226-->[com.google.android.gms:play-services-base:18.0.1] AndroidManifest.xml:21:19-78
227
228        <provider
228-->[androidx.emoji2:emoji2:1.0.0] AndroidManifest.xml:26:9-34:20
229            android:name="androidx.startup.InitializationProvider"
229-->[androidx.emoji2:emoji2:1.0.0] AndroidManifest.xml:27:13-67
230            android:authorities="com.digital.steno.pro.androidx-startup"
230-->[androidx.emoji2:emoji2:1.0.0] AndroidManifest.xml:28:13-68
231            android:exported="false" >
231-->[androidx.emoji2:emoji2:1.0.0] AndroidManifest.xml:29:13-37
232            <meta-data
232-->[androidx.emoji2:emoji2:1.0.0] AndroidManifest.xml:31:13-33:52
233                android:name="androidx.emoji2.text.EmojiCompatInitializer"
233-->[androidx.emoji2:emoji2:1.0.0] AndroidManifest.xml:32:17-75
234                android:value="androidx.startup" />
234-->[androidx.emoji2:emoji2:1.0.0] AndroidManifest.xml:33:17-49
235            <meta-data
235-->[androidx.lifecycle:lifecycle-process:2.4.0] AndroidManifest.xml:31:13-33:52
236                android:name="androidx.lifecycle.ProcessLifecycleInitializer"
236-->[androidx.lifecycle:lifecycle-process:2.4.0] AndroidManifest.xml:32:17-78
237                android:value="androidx.startup" />
237-->[androidx.lifecycle:lifecycle-process:2.4.0] AndroidManifest.xml:33:17-49
238        </provider>
239    </application>
240
241</manifest>